<?xml version="1.0" encoding="UTF-8"?>
<!-- Generated by org.testng.reporters.JUnitXMLReporter -->
<testsuite hostname="JACKSON" ignored="1" name="Default test" tests="4" failures="1" timestamp="04 三月 2017 07:03:15 GMT" time="0.02" errors="0">
  <testcase name="TestNgFail" time="0.003" classname="com.test.TestngExample">
    <failure type="java.lang.AssertionError" message="The following asserts failed:
	Boolean test expected [false] but found [true]">
      <![CDATA[java.lang.AssertionError: The following asserts failed:
	Boolean test expected [false] but found [true]
	at org.testng.asserts.SoftAssert.assertAll(SoftAssert.java:43)
	at com.test.TestngExample.TestNgFail(TestngExample.java:39)
	at sun.reflect.NativeMethodAccessorImpl.invoke0(Native Method)
	at sun.reflect.NativeMethodAccessorImpl.invoke(NativeMethodAccessorImpl.java:62)
	at sun.reflect.DelegatingMethodAccessorImpl.invoke(DelegatingMethodAccessorImpl.java:43)
	at java.lang.reflect.Method.invoke(Method.java:498)
	at org.testng.internal.MethodInvocationHelper.invokeMethod(MethodInvocationHelper.java:104)
	at org.testng.internal.Invoker.invokeMethod(Invoker.java:645)
	at org.testng.internal.Invoker.invokeTestMethod(Invoker.java:851)
	at org.testng.internal.Invoker.invokeTestMethods(Invoker.java:1177)
	at org.testng.internal.TestMethodWorker.invokeTestMethods(TestMethodWorker.java:129)
	at org.testng.internal.TestMethodWorker.run(TestMethodWorker.java:112)
	at java.util.concurrent.ThreadPoolExecutor.runWorker(ThreadPoolExecutor.java:1142)
	at java.util.concurrent.ThreadPoolExecutor$Worker.run(ThreadPoolExecutor.java:617)
	at java.lang.Thread.run(Thread.java:745)
]]>
    </failure>
  </testcase> <!-- TestNgFail -->
  <testcase name="TestNgPass" time="0.0" classname="com.test.TestngExample"/>
  <testcase name="TestNgFPass2" time="0.0" classname="com.test.TestngExample2"/>
  <testcase name="TestNgPass" time="0.0" classname="com.test.TestngExample2"/>
  <testcase name="@BeforeSuite beforesuite" time="0.0" classname="com.test.TestngBase">
    <ignored/>
  </testcase> <!-- @BeforeSuite beforesuite -->
</testsuite> <!-- Default test -->
