<?xml version="1.0" encoding="UTF-8"?>
<testng-results skipped="0" failed="1" ignored="1" total="5" passed="3">
  <reporter-output>
  </reporter-output>
  <suite name="TestngSuite" duration-ms="20" started-at="2017-03-04T07:03:15Z" finished-at="2017-03-04T07:03:15Z">
    <groups>
    </groups>
    <test name="Default test" duration-ms="20" started-at="2017-03-04T07:03:15Z" finished-at="2017-03-04T07:03:15Z">
      <class name="com.test.TestngExample">
        <test-method status="PASS" signature="beforesuite()[pri:0, instance:com.test.TestngExample@45c8e616]" name="beforesuite" is-config="true" duration-ms="8" started-at="2017-03-04T15:03:15Z" finished-at="2017-03-04T15:03:15Z">
          <reporter-output>
          </reporter-output>
        </test-method> <!-- beforesuite -->
        <test-method status="PASS" signature="beforeClass()[pri:0, instance:com.test.TestngExample@45c8e616]" name="beforeClass" is-config="true" duration-ms="0" started-at="2017-03-04T15:03:15Z" finished-at="2017-03-04T15:03:15Z">
          <reporter-output>
          </reporter-output>
        </test-method> <!-- beforeClass -->
        <test-method status="FAIL" signature="TestNgFail()[pri:0, instance:com.test.TestngExample@45c8e616]" name="TestNgFail" duration-ms="3" started-at="2017-03-04T15:03:15Z" finished-at="2017-03-04T15:03:15Z">
          <exception class="java.lang.AssertionError">
            <message>
              <![CDATA[The following asserts failed:
	Boolean test expected [false] but found [true]]]>
            </message>
            <full-stacktrace>
              <![CDATA[java.lang.AssertionError: The following asserts failed:
	Boolean test expected [false] but found [true]
	at org.testng.asserts.SoftAssert.assertAll(SoftAssert.java:43)
	at com.test.TestngExample.TestNgFail(TestngExample.java:39)
	at sun.reflect.NativeMethodAccessorImpl.invoke0(Native Method)
	at sun.reflect.NativeMethodAccessorImpl.invoke(NativeMethodAccessorImpl.java:62)
	at sun.reflect.DelegatingMethodAccessorImpl.invoke(DelegatingMethodAccessorImpl.java:43)
	at java.lang.reflect.Method.invoke(Method.java:498)
	at org.testng.internal.MethodInvocationHelper.invokeMethod(MethodInvocationHelper.java:104)
	at org.testng.internal.Invoker.invokeMethod(Invoker.java:645)
	at org.testng.internal.Invoker.invokeTestMethod(Invoker.java:851)
	at org.testng.internal.Invoker.invokeTestMethods(Invoker.java:1177)
	at org.testng.internal.TestMethodWorker.invokeTestMethods(TestMethodWorker.java:129)
	at org.testng.internal.TestMethodWorker.run(TestMethodWorker.java:112)
	at java.util.concurrent.ThreadPoolExecutor.runWorker(ThreadPoolExecutor.java:1142)
	at java.util.concurrent.ThreadPoolExecutor$Worker.run(ThreadPoolExecutor.java:617)
	at java.lang.Thread.run(Thread.java:745)
]]>
            </full-stacktrace>
          </exception> <!-- java.lang.AssertionError -->
          <reporter-output>
          </reporter-output>
        </test-method> <!-- TestNgFail -->
        <test-method status="PASS" signature="TestNgPass()[pri:0, instance:com.test.TestngExample@45c8e616]" name="TestNgPass" duration-ms="0" started-at="2017-03-04T15:03:15Z" finished-at="2017-03-04T15:03:15Z">
          <reporter-output>
          </reporter-output>
        </test-method> <!-- TestNgPass -->
        <test-method status="PASS" signature="afterClass()[pri:0, instance:com.test.TestngExample@45c8e616]" name="afterClass" is-config="true" duration-ms="0" started-at="2017-03-04T15:03:15Z" finished-at="2017-03-04T15:03:15Z">
          <reporter-output>
          </reporter-output>
        </test-method> <!-- afterClass -->
      </class> <!-- com.test.TestngExample -->
      <class name="com.test.TestngExample2">
        <test-method status="PASS" signature="beforeClass()[pri:0, instance:com.test.TestngExample2@4cdbe50f]" name="beforeClass" is-config="true" duration-ms="1" started-at="2017-03-04T15:03:15Z" finished-at="2017-03-04T15:03:15Z">
          <reporter-output>
          </reporter-output>
        </test-method> <!-- beforeClass -->
        <test-method status="PASS" signature="TestNgPass()[pri:0, instance:com.test.TestngExample2@4cdbe50f]" name="TestNgPass" duration-ms="0" started-at="2017-03-04T15:03:15Z" finished-at="2017-03-04T15:03:15Z">
          <reporter-output>
          </reporter-output>
        </test-method> <!-- TestNgPass -->
        <test-method status="PASS" signature="TestNgFPass2()[pri:0, instance:com.test.TestngExample2@4cdbe50f]" name="TestNgFPass2" duration-ms="0" started-at="2017-03-04T15:03:15Z" finished-at="2017-03-04T15:03:15Z">
          <reporter-output>
          </reporter-output>
        </test-method> <!-- TestNgFPass2 -->
        <test-method status="PASS" signature="afterClass()[pri:0, instance:com.test.TestngExample2@4cdbe50f]" name="afterClass" is-config="true" duration-ms="0" started-at="2017-03-04T15:03:15Z" finished-at="2017-03-04T15:03:15Z">
          <reporter-output>
          </reporter-output>
        </test-method> <!-- afterClass -->
      </class> <!-- com.test.TestngExample2 -->
    </test> <!-- Default test -->
  </suite> <!-- TestngSuite -->
</testng-results>
